Launching training script...
CONFIG
├── task_name
│   └── pretrain_flow                                                           
├── tags
│   └── ['Pretrain', 'Flow', 'ADP', 'Temperature']                              
├── metrics
│   └── None                                                                    
├── train
│   └── True                                                                    
├── test
│   └── False                                                                   
├── ckpt_path
│   └── None                                                                    
├── seed
│   └── 12345                                                                   
├── callbacks
│   └── model_summary:                                                          
│         _target_: lightning.pytorch.callbacks.RichModelSummary                
│         max_depth: -1                                                         
│       rich_progress_bar:                                                      
│         _target_: lightning.pytorch.callbacks.RichProgressBar                 
│                                                                               
├── dataset
│   └── _target_: aita.data.dataset.MolecularGraphDataset                       
│       data_path: ${paths.data_dir}                                            
│       param: 1200K                                                            
│       anneal_type: temperature                                                
│                                                                               
├── loader
│   └── batch_size: 128                                                         
│       num_workers: 4                                                          
│       pin_memory: true                                                        
│                                                                               
├── interpolant
│   └── plan:                                                                   
│         _target_: aita.interpolants.TrigPlan                                  
│       _target_: aita.interpolants.Interpolant                                 
│       integrator: ode-dopri5                                                  
│       n_timesteps: 100                                                        
│       rtol: 1.0e-05                                                           
│       atol: 1.0e-05                                                           
│                                                                               
├── flow
│   └── _target_: aita.models.vector_field.GVP_vector_field                     
│       n_features: 21                                                          
│       n_layers: 5                                                             
│       n_hidden: 64                                                            
│       n_vec: 16                                                               
│       n_message_gvps: 1                                                       
│       n_update_gvps: 1                                                        
│       n_coord_gvps: 1                                                         
│       use_dst_feats: false                                                    
│       vector_gating: true                                                     
│       self_conditioning: false                                                
│                                                                               
├── optimizer
│   └── _target_: torch.optim.Adam                                              
│       lr: 0.0005                                                              
│       betas:                                                                  
│       - 0.9                                                                   
│       - 0.999                                                                 
│                                                                               
├── scheduler
│   └── _target_: torch.optim.lr_scheduler.ReduceLROnPlateau                    
│       mode: min                                                               
│       factor: 0.5                                                             
│       patience: 30                                                            
│       threshold: 0.0001                                                       
│       threshold_mode: rel                                                     
│       cooldown: 0                                                             
│       min_lr: 1.0e-05                                                         
│       eps: 1.0e-08                                                            
│                                                                               
├── ema
│   └── _target_: torch_ema.ExponentialMovingAverage                            
│       decay: 0.999                                                            
│       use_num_updates: true                                                   
│                                                                               
├── logger
│   └── wandb:                                                                  
│         _target_: lightning.pytorch.loggers.wandb.WandbLogger                 
│         save_dir: ${paths.output_dir}                                         
│         offline: false                                                        
│         id: null                                                              
│         anonymous: null                                                       
│         project: aita                                                         
│         log_model: false                                                      
│         prefix: ''                                                            
│         entity: ${oc.env:WANDB_ENTITY}                                        
│         job_type: training                                                    
│         group: flow                                                           
│         tags: ${tags}                                                         
│                                                                               
├── paths
│   └── root_dir: ${oc.env:PROJECT_ROOT}                                        
│       data_dir: ${oc.env:PROJECT_ROOT}/data/                                  
│       log_dir: ${oc.env:PROJECT_ROOT}/experimental_results/                   
│       output_dir: ${hydra:runtime.output_dir}                                 
│       work_dir: ${hydra:runtime.cwd}                                          
│                                                                               
└── trainer
    └── _target_: lightning.pytorch.trainer.Trainer                             
        default_root_dir: ${paths.output_dir}                                   
        min_epochs: 1                                                           
        max_epochs: 1000                                                        
        accelerator: cuda                                                       
        devices: 1                                                              
        log_every_n_steps: 25                                                   
        check_val_every_n_epoch: 0                                              
        num_sanity_val_steps: 0                                                 
        deterministic: false                                                    
        gradient_clip_val: 0.0                                                  
        inference_mode: false                                                   
                                                                                
[rank: 0] Seed set to 12345
[[36m2025-10-15 18:03:31,992[0m][[34m__main__[0m][[32mINFO[0m] - [rank: 0] Instantiating LitBootstrap module...[0m
[[36m2025-10-15 18:03:32,015[0m][[34maita.training.pretrain_flow[0m][[32mINFO[0m] - [rank: 0] Setting up pre-training modules for flow model...[0m
[[36m2025-10-15 18:03:32,924[0m][[34maita.training.pretrain_flow[0m][[32mINFO[0m] - [rank: 0] Dataset Initialized.[0m
[[36m2025-10-15 18:03:32,943[0m][[34maita.training.pretrain_flow[0m][[32mINFO[0m] - [rank: 0] Interpolant Initialized.[0m
[[36m2025-10-15 18:03:32,958[0m][[34maita.training.pretrain_flow[0m][[32mINFO[0m] - [rank: 0] Model Initialized.[0m
[[36m2025-10-15 18:03:32,961[0m][[34maita.training.pretrain_flow[0m][[32mINFO[0m] - [rank: 0] Training with EMA.[0m
[[36m2025-10-15 18:03:32,961[0m][[34m__main__[0m][[32mINFO[0m] - [rank: 0] Instantiating callbacks...[0m
[[36m2025-10-15 18:03:32,961[0m][[34maita.utils.training[0m][[32mINFO[0m] - [rank: 0] Instantiating callback <lightning.pytorch.callbacks.RichModelSummary>[0m
[[36m2025-10-15 18:03:32,962[0m][[34maita.utils.training[0m][[32mINFO[0m] - [rank: 0] Instantiating callback <lightning.pytorch.callbacks.RichProgressBar>[0m
[[36m2025-10-15 18:03:32,962[0m][[34m__main__[0m][[32mINFO[0m] - [rank: 0] Instantiating loggers...[0m
[[36m2025-10-15 18:03:32,963[0m][[34maita.utils.training[0m][[32mINFO[0m] - [rank: 0] Instantiating logger <lightning.pytorch.loggers.wandb.WandbLogger>[0m
[[36m2025-10-15 18:03:32,970[0m][[34m__main__[0m][[32mINFO[0m] - [rank: 0] Instantiating trainer <lightning.pytorch.trainer.Trainer>[0m
/net/galaxy/home/koes/dap181/micromamba/envs/aita/lib/python3.10/site-packages/lightning/fabric/plugins/environments/slurm.py:204: The `srun` command is available on your system but is not used. HINT: If your intention is to run Lightning on SLURM, prepend your python command with `srun` like so: srun python /net/galaxy/home/koes/dap181/labspace/aita/pretrain. ...
💡 Tip: For seamless cloud uploads and versioning, try installing [litmodels](https://pypi.org/project/litmodels/) to enable LitModelCheckpoint, which syncs automatically with the Lightning model registry.
Trainer already configured with model summary callbacks: [<class 'lightning.pytorch.callbacks.rich_model_summary.RichModelSummary'>]. Skipping setting a default `ModelSummary` callback.
GPU available: True (cuda), used: True
TPU available: False, using: 0 TPU cores
HPU available: False, using: 0 HPUs
[[36m2025-10-15 18:03:33,040[0m][[34m__main__[0m][[32mINFO[0m] - [rank: 0] Logging hyperparameters![0m
wandb: Currently logged in as: countrsignal to https://api.wandb.ai. Use `wandb login --relogin` to force relogin
wandb: Tracking run with wandb version 0.22.2
wandb: Run data is saved locally in /net/galaxy/home/koes/dap181/labspace/aita/experimental_results/pretrain_flow/runs/2025-10-15_18-03-31/wandb/run-20251015_180333-j8r6my8a
wandb: Run `wandb offline` to turn off syncing.
wandb: Syncing run vague-salad-7
wandb: ⭐️ View project at https://wandb.ai/countrsignal/aita
wandb: 🚀 View run at https://wandb.ai/countrsignal/aita/runs/j8r6my8a
[[36m2025-10-15 18:03:34,486[0m][[34m__main__[0m][[32mINFO[0m] - [rank: 0] Starting training![0m
/net/galaxy/home/koes/dap181/micromamba/envs/aita/lib/python3.10/site-packages/lightning/fabric/plugins/environments/slurm.py:204: The `srun` command is available on your system but is not used. HINT: If your intention is to run Lightning on SLURM, prepend your python command with `srun` like so: srun python /net/galaxy/home/koes/dap181/labspace/aita/pretrain. ...
LOCAL_RANK: 0 - CUDA_VISIBLE_DEVICES: [0]
┏━━━━┳━━━━━━━━━━━━━━━━━━━━━━━━━━━━━━━━━━━━━━━━━━━━━━━━━━━━━━━━━━┳━━━━┳━━━━┳━━━━┓
┃    ┃ Name                                                     ┃ T… ┃ P… ┃ M… ┃
┡━━━━╇━━━━━━━━━━━━━━━━━━━━━━━━━━━━━━━━━━━━━━━━━━━━━━━━━━━━━━━━━━╇━━━━╇━━━━╇━━━━┩
│ 0  │ flow                                                     │ G… │ 1… │ t… │
│    │                                                          │    │  K │    │
│ 1  │ flow.initial_embedding                                   │ S… │ 1… │ t… │
│    │                                                          │    │  K │    │
│ 2  │ flow.initial_embedding.0                                 │ L… │ 1… │ t… │
│    │                                                          │    │  K │    │
│ 3  │ flow.initial_embedding.1                                 │ S… │  0 │ t… │
│ 4  │ flow.convs                                               │ M… │ 1… │ t… │
│    │                                                          │    │  K │    │
│ 5  │ flow.convs.0                                             │ G… │ 2… │ t… │
│    │                                                          │    │  K │    │
│ 6  │ flow.convs.0.edge_message                                │ S… │ 7… │ t… │
│    │                                                          │    │  K │    │
│ 7  │ flow.convs.0.edge_message.0                              │ G… │ 7… │ t… │
│    │                                                          │    │  K │    │
│ 8  │ flow.convs.0.edge_message.0.vectors_activation           │ S… │  0 │ t… │
│ 9  │ flow.convs.0.edge_message.0.to_feats_out                 │ S… │ 6… │ t… │
│    │                                                          │    │  K │    │
│ 10 │ flow.convs.0.edge_message.0.to_feats_out.0               │ L… │ 6… │ t… │
│    │                                                          │    │  K │    │
│ 11 │ flow.convs.0.edge_message.0.to_feats_out.1               │ S… │  1 │ t… │
│ 12 │ flow.convs.0.edge_message.0.scalar_to_vector_gates       │ L… │ 1… │ t… │
│    │                                                          │    │  K │    │
│ 13 │ flow.convs.0.node_update                                 │ S… │ 6… │ t… │
│    │                                                          │    │  K │    │
│ 14 │ flow.convs.0.node_update.0                               │ G… │ 6… │ t… │
│    │                                                          │    │  K │    │
│ 15 │ flow.convs.0.node_update.0.vectors_activation            │ S… │  0 │ t… │
│ 16 │ flow.convs.0.node_update.0.to_feats_out                  │ S… │ 5… │ t… │
│    │                                                          │    │  K │    │
│ 17 │ flow.convs.0.node_update.0.to_feats_out.0                │ L… │ 5… │ t… │
│    │                                                          │    │  K │    │
│ 18 │ flow.convs.0.node_update.0.to_feats_out.1                │ S… │  1 │ t… │
│ 19 │ flow.convs.0.node_update.0.scalar_to_vector_gates        │ L… │ 1… │ t… │
│    │                                                          │    │  K │    │
│ 20 │ flow.convs.0.node_position_update                        │ G… │ 5… │ t… │
│    │                                                          │    │  K │    │
│ 21 │ flow.convs.0.node_position_update.vectors_activation     │ T… │  0 │ t… │
│ 22 │ flow.convs.0.node_position_update.to_feats_out           │ S… │ 5… │ t… │
│    │                                                          │    │  K │    │
│ 23 │ flow.convs.0.node_position_update.to_feats_out.0         │ L… │ 5… │ t… │
│    │                                                          │    │  K │    │
│ 24 │ flow.convs.0.node_position_update.to_feats_out.1         │ S… │  0 │ t… │
│ 25 │ flow.convs.0.node_position_update.scalar_to_vector_gates │ L… │ 65 │ t… │
│ 26 │ flow.convs.0.dropout                                     │ G… │  0 │ t… │
│ 27 │ flow.convs.0.dropout.vector_dropout                      │ _… │  0 │ t… │
│ 28 │ flow.convs.0.dropout.feat_dropout                        │ D… │  0 │ t… │
│ 29 │ flow.convs.0.message_layer_norm                          │ G… │ 1… │ t… │
│ 30 │ flow.convs.0.message_layer_norm.feat_norm                │ L… │ 1… │ t… │
│ 31 │ flow.convs.0.update_layer_norm                           │ G… │ 1… │ t… │
│ 32 │ flow.convs.0.update_layer_norm.feat_norm                 │ L… │ 1… │ t… │
│ 33 │ flow.convs.1                                             │ G… │ 2… │ t… │
│    │                                                          │    │  K │    │
│ 34 │ flow.convs.1.edge_message                                │ S… │ 7… │ t… │
│    │                                                          │    │  K │    │
│ 35 │ flow.convs.1.edge_message.0                              │ G… │ 7… │ t… │
│    │                                                          │    │  K │    │
│ 36 │ flow.convs.1.edge_message.0.vectors_activation           │ S… │  0 │ t… │
│ 37 │ flow.convs.1.edge_message.0.to_feats_out                 │ S… │ 6… │ t… │
│    │                                                          │    │  K │    │
│ 38 │ flow.convs.1.edge_message.0.to_feats_out.0               │ L… │ 6… │ t… │
│    │                                                          │    │  K │    │
│ 39 │ flow.convs.1.edge_message.0.to_feats_out.1               │ S… │  1 │ t… │
│ 40 │ flow.convs.1.edge_message.0.scalar_to_vector_gates       │ L… │ 1… │ t… │
│    │                                                          │    │  K │    │
│ 41 │ flow.convs.1.node_update                                 │ S… │ 6… │ t… │
│    │                                                          │    │  K │    │
│ 42 │ flow.convs.1.node_update.0                               │ G… │ 6… │ t… │
│    │                                                          │    │  K │    │
│ 43 │ flow.convs.1.node_update.0.vectors_activation            │ S… │  0 │ t… │
│ 44 │ flow.convs.1.node_update.0.to_feats_out                  │ S… │ 5… │ t… │
│    │                                                          │    │  K │    │
│ 45 │ flow.convs.1.node_update.0.to_feats_out.0                │ L… │ 5… │ t… │
│    │                                                          │    │  K │    │
│ 46 │ flow.convs.1.node_update.0.to_feats_out.1                │ S… │  1 │ t… │
│ 47 │ flow.convs.1.node_update.0.scalar_to_vector_gates        │ L… │ 1… │ t… │
│    │                                                          │    │  K │    │
│ 48 │ flow.convs.1.node_position_update                        │ G… │ 5… │ t… │
│    │                                                          │    │  K │    │
│ 49 │ flow.convs.1.node_position_update.vectors_activation     │ T… │  0 │ t… │
│ 50 │ flow.convs.1.node_position_update.to_feats_out           │ S… │ 5… │ t… │
│    │                                                          │    │  K │    │
│ 51 │ flow.convs.1.node_position_update.to_feats_out.0         │ L… │ 5… │ t… │
│    │                                                          │    │  K │    │
│ 52 │ flow.convs.1.node_position_update.scalar_to_vector_gates │ L… │ 65 │ t… │
│ 53 │ flow.convs.1.dropout                                     │ G… │  0 │ t… │
│ 54 │ flow.convs.1.dropout.vector_dropout                      │ _… │  0 │ t… │
│ 55 │ flow.convs.1.dropout.feat_dropout                        │ D… │  0 │ t… │
│ 56 │ flow.convs.1.message_layer_norm                          │ G… │ 1… │ t… │
│ 57 │ flow.convs.1.message_layer_norm.feat_norm                │ L… │ 1… │ t… │
│ 58 │ flow.convs.1.update_layer_norm                           │ G… │ 1… │ t… │
│ 59 │ flow.convs.1.update_layer_norm.feat_norm                 │ L… │ 1… │ t… │
│ 60 │ flow.convs.2                                             │ G… │ 2… │ t… │
│    │                                                          │    │  K │    │
│ 61 │ flow.convs.2.edge_message                                │ S… │ 7… │ t… │
│    │                                                          │    │  K │    │
│ 62 │ flow.convs.2.edge_message.0                              │ G… │ 7… │ t… │
│    │                                                          │    │  K │    │
│ 63 │ flow.convs.2.edge_message.0.vectors_activation           │ S… │  0 │ t… │
│ 64 │ flow.convs.2.edge_message.0.to_feats_out                 │ S… │ 6… │ t… │
│    │                                                          │    │  K │    │
│ 65 │ flow.convs.2.edge_message.0.to_feats_out.0               │ L… │ 6… │ t… │
│    │                                                          │    │  K │    │
│ 66 │ flow.convs.2.edge_message.0.to_feats_out.1               │ S… │  1 │ t… │
│ 67 │ flow.convs.2.edge_message.0.scalar_to_vector_gates       │ L… │ 1… │ t… │
│    │                                                          │    │  K │    │
│ 68 │ flow.convs.2.node_update                                 │ S… │ 6… │ t… │
│    │                                                          │    │  K │    │
│ 69 │ flow.convs.2.node_update.0                               │ G… │ 6… │ t… │
│    │                                                          │    │  K │    │
│ 70 │ flow.convs.2.node_update.0.vectors_activation            │ S… │  0 │ t… │
│ 71 │ flow.convs.2.node_update.0.to_feats_out                  │ S… │ 5… │ t… │
│    │                                                          │    │  K │    │
│ 72 │ flow.convs.2.node_update.0.to_feats_out.0                │ L… │ 5… │ t… │
│    │                                                          │    │  K │    │
│ 73 │ flow.convs.2.node_update.0.to_feats_out.1                │ S… │  1 │ t… │
│ 74 │ flow.convs.2.node_update.0.scalar_to_vector_gates        │ L… │ 1… │ t… │
│    │                                                          │    │  K │    │
│ 75 │ flow.convs.2.node_position_update                        │ G… │ 5… │ t… │
│    │                                                          │    │  K │    │
│ 76 │ flow.convs.2.node_position_update.vectors_activation     │ T… │  0 │ t… │
│ 77 │ flow.convs.2.node_position_update.to_feats_out           │ S… │ 5… │ t… │
│    │                                                          │    │  K │    │
│ 78 │ flow.convs.2.node_position_update.to_feats_out.0         │ L… │ 5… │ t… │
│    │                                                          │    │  K │    │
│ 79 │ flow.convs.2.node_position_update.scalar_to_vector_gates │ L… │ 65 │ t… │
│ 80 │ flow.convs.2.dropout                                     │ G… │  0 │ t… │
│ 81 │ flow.convs.2.dropout.vector_dropout                      │ _… │  0 │ t… │
│ 82 │ flow.convs.2.dropout.feat_dropout                        │ D… │  0 │ t… │
│ 83 │ flow.convs.2.message_layer_norm                          │ G… │ 1… │ t… │
│ 84 │ flow.convs.2.message_layer_norm.feat_norm                │ L… │ 1… │ t… │
│ 85 │ flow.convs.2.update_layer_norm                           │ G… │ 1… │ t… │
│ 86 │ flow.convs.2.update_layer_norm.feat_norm                 │ L… │ 1… │ t… │
│ 87 │ flow.convs.3                                             │ G… │ 2… │ t… │
│    │                                                          │    │  K │    │
│ 88 │ flow.convs.3.edge_message                                │ S… │ 7… │ t… │
│    │                                                          │    │  K │    │
│ 89 │ flow.convs.3.edge_message.0                              │ G… │ 7… │ t… │
│    │                                                          │    │  K │    │
│ 90 │ flow.convs.3.edge_message.0.vectors_activation           │ S… │  0 │ t… │
│ 91 │ flow.convs.3.edge_message.0.to_feats_out                 │ S… │ 6… │ t… │
│    │                                                          │    │  K │    │
│ 92 │ flow.convs.3.edge_message.0.to_feats_out.0               │ L… │ 6… │ t… │
│    │                                                          │    │  K │    │
│ 93 │ flow.convs.3.edge_message.0.to_feats_out.1               │ S… │  1 │ t… │
│ 94 │ flow.convs.3.edge_message.0.scalar_to_vector_gates       │ L… │ 1… │ t… │
│    │                                                          │    │  K │    │
│ 95 │ flow.convs.3.node_update                                 │ S… │ 6… │ t… │
│    │                                                          │    │  K │    │
│ 96 │ flow.convs.3.node_update.0                               │ G… │ 6… │ t… │
│    │                                                          │    │  K │    │
│ 97 │ flow.convs.3.node_update.0.vectors_activation            │ S… │  0 │ t… │
│ 98 │ flow.convs.3.node_update.0.to_feats_out                  │ S… │ 5… │ t… │
│    │                                                          │    │  K │    │
│ 99 │ flow.convs.3.node_update.0.to_feats_out.0                │ L… │ 5… │ t… │
│    │                                                          │    │  K │    │
│ 1… │ flow.convs.3.node_update.0.to_feats_out.1                │ S… │  1 │ t… │
│ 1… │ flow.convs.3.node_update.0.scalar_to_vector_gates        │ L… │ 1… │ t… │
│    │                                                          │    │  K │    │
│ 1… │ flow.convs.3.node_position_update                        │ G… │ 5… │ t… │
│    │                                                          │    │  K │    │
│ 1… │ flow.convs.3.node_position_update.vectors_activation     │ T… │  0 │ t… │
│ 1… │ flow.convs.3.node_position_update.to_feats_out           │ S… │ 5… │ t… │
│    │                                                          │    │  K │    │
│ 1… │ flow.convs.3.node_position_update.to_feats_out.0         │ L… │ 5… │ t… │
│    │                                                          │    │  K │    │
│ 1… │ flow.convs.3.node_position_update.scalar_to_vector_gates │ L… │ 65 │ t… │
│ 1… │ flow.convs.3.dropout                                     │ G… │  0 │ t… │
│ 1… │ flow.convs.3.dropout.vector_dropout                      │ _… │  0 │ t… │
│ 1… │ flow.convs.3.dropout.feat_dropout                        │ D… │  0 │ t… │
│ 1… │ flow.convs.3.message_layer_norm                          │ G… │ 1… │ t… │
│ 1… │ flow.convs.3.message_layer_norm.feat_norm                │ L… │ 1… │ t… │
│ 1… │ flow.convs.3.update_layer_norm                           │ G… │ 1… │ t… │
│ 1… │ flow.convs.3.update_layer_norm.feat_norm                 │ L… │ 1… │ t… │
│ 1… │ flow.convs.4                                             │ G… │ 2… │ t… │
│    │                                                          │    │  K │    │
│ 1… │ flow.convs.4.edge_message                                │ S… │ 7… │ t… │
│    │                                                          │    │  K │    │
│ 1… │ flow.convs.4.edge_message.0                              │ G… │ 7… │ t… │
│    │                                                          │    │  K │    │
│ 1… │ flow.convs.4.edge_message.0.vectors_activation           │ S… │  0 │ t… │
│ 1… │ flow.convs.4.edge_message.0.to_feats_out                 │ S… │ 6… │ t… │
│    │                                                          │    │  K │    │
│ 1… │ flow.convs.4.edge_message.0.to_feats_out.0               │ L… │ 6… │ t… │
│    │                                                          │    │  K │    │
│ 1… │ flow.convs.4.edge_message.0.to_feats_out.1               │ S… │  1 │ t… │
│ 1… │ flow.convs.4.edge_message.0.scalar_to_vector_gates       │ L… │ 1… │ t… │
│    │                                                          │    │  K │    │
│ 1… │ flow.convs.4.node_update                                 │ S… │ 6… │ t… │
│    │                                                          │    │  K │    │
│ 1… │ flow.convs.4.node_update.0                               │ G… │ 6… │ t… │
│    │                                                          │    │  K │    │
│ 1… │ flow.convs.4.node_update.0.vectors_activation            │ S… │  0 │ t… │
│ 1… │ flow.convs.4.node_update.0.to_feats_out                  │ S… │ 5… │ t… │
│    │                                                          │    │  K │    │
│ 1… │ flow.convs.4.node_update.0.to_feats_out.0                │ L… │ 5… │ t… │
│    │                                                          │    │  K │    │
│ 1… │ flow.convs.4.node_update.0.to_feats_out.1                │ S… │  1 │ t… │
│ 1… │ flow.convs.4.node_update.0.scalar_to_vector_gates        │ L… │ 1… │ t… │
│    │                                                          │    │  K │    │
│ 1… │ flow.convs.4.node_position_update                        │ G… │ 5… │ t… │
│    │                                                          │    │  K │    │
│ 1… │ flow.convs.4.node_position_update.vectors_activation     │ T… │  0 │ t… │
│ 1… │ flow.convs.4.node_position_update.to_feats_out           │ S… │ 5… │ t… │
│    │                                                          │    │  K │    │
│ 1… │ flow.convs.4.node_position_update.to_feats_out.0         │ L… │ 5… │ t… │
│    │                                                          │    │  K │    │
│ 1… │ flow.convs.4.node_position_update.scalar_to_vector_gates │ L… │ 65 │ t… │
│ 1… │ flow.convs.4.dropout                                     │ G… │  0 │ t… │
│ 1… │ flow.convs.4.dropout.vector_dropout                      │ _… │  0 │ t… │
│ 1… │ flow.convs.4.dropout.feat_dropout                        │ D… │  0 │ t… │
│ 1… │ flow.convs.4.message_layer_norm                          │ G… │ 1… │ t… │
│ 1… │ flow.convs.4.message_layer_norm.feat_norm                │ L… │ 1… │ t… │
│ 1… │ flow.convs.4.update_layer_norm                           │ G… │ 1… │ t… │
│ 1… │ flow.convs.4.update_layer_norm.feat_norm                 │ L… │ 1… │ t… │
│ 1… │ flow.position_updater                                    │ N… │ 5… │ t… │
│    │                                                          │    │  K │    │
│ 1… │ flow.position_updater.gvps                               │ S… │ 5… │ t… │
│    │                                                          │    │  K │    │
│ 1… │ flow.position_updater.gvps.0                             │ G… │ 5… │ t… │
│    │                                                          │    │  K │    │
│ 1… │ flow.position_updater.gvps.0.vectors_activation          │ I… │  0 │ t… │
│ 1… │ flow.position_updater.gvps.0.to_feats_out                │ S… │ 5… │ t… │
│    │                                                          │    │  K │    │
│ 1… │ flow.position_updater.gvps.0.to_feats_out.0              │ L… │ 5… │ t… │
│    │                                                          │    │  K │    │
│ 1… │ flow.position_updater.gvps.0.scalar_to_vector_gates      │ L… │ 65 │ t… │
└────┴──────────────────────────────────────────────────────────┴────┴────┴────┘
Trainable params: 108 K                                                         
Non-trainable params: 0                                                         
Total params: 108 K                                                             
Total estimated model params size (MB): 0                                       
Modules in train mode: 148                                                      
Modules in eval mode: 0                                                         
